make all --print-data-base --no-builtin-variables --no-builtin-rules --question
make: *** No rule to make target 'main.o', needed by 'tests.out'.  Stop.
 
# GNU Make 4.3
# Built for x86_64-pc-linux-gnu
# Copyright (C) 1988-2020 Free Software Foundation, Inc.
# License GPLv3+: GNU GPL version 3 or later <http://gnu.org/licenses/gpl.html>
# This is free software: you are free to change and redistribute it.
# There is NO WARRANTY, to the extent permitted by law.

# Make data base, printed on Thu Feb 24 11:33:56 2022

# Variables

# environment
REMOTE_CONTAINERS_SOCKETS = ["/tmp/vscode-ssh-auth-f88a506052eceee2a8b44618538e634363b96b89.sock"]
# environment
LC_ALL = C
# environment
VSCODE_CWD = /vscode/vscode-server/bin/linux-x64/f80445acd5a3dadef24aa209168452a3d97cc326
# makefile (from 'makefile', line 2)
LIBS = -lCppUTest -lCppUTestExt -lgtest -lgtest_main -pthread
# default
MAKE_COMMAND := make
# automatic
@D = $(patsubst %/,%,$(dir $@))
# environment
VSCODE_HANDLES_UNCAUGHT_ERRORS = true
# environment
CPPUTEST_HOME = /home/cpputest
# default
.VARIABLES := 
# environment
PWD = /workspaces/CppUTestTemplate
# automatic
%D = $(patsubst %/,%,$(dir $%))
# environment
HOSTNAME = 71481af65c23
# automatic
^D = $(patsubst %/,%,$(dir $^))
# environment
VSCODE_LOG_STACK = false
# automatic
%F = $(notdir $%)
# environment
LANG = C
# default
.LOADED := 
# default
.INCLUDE_DIRS = /usr/local/include /usr/include /usr/include
# environment
GCC_MIRRORS = https://ftpmirror.gnu.org/gcc 		https://mirrors.kernel.org/gnu/gcc 		https://bigsearcher.com/mirrors/gcc/releases 		http://www.netgull.com/gcc/releases 		https://ftpmirror.gnu.org/gcc 		ftp://ftp.gnu.org/gnu/gcc
# makefile
MAKEFLAGS = pqrR
# makefile
CURDIR := /workspaces/CppUTestTemplate
# environment
VSCODE_PIPE_LOGGING = true
# environment
APPLICATION_INSIGHTS_NO_DIAGNOSTIC_CHANNEL = true
# automatic
*D = $(patsubst %/,%,$(dir $*))
# environment
MFLAGS = -pqrR
# environment
SSH_AUTH_SOCK = /tmp/vscode-ssh-auth-f88a506052eceee2a8b44618538e634363b96b89.sock
# default
.SHELLFLAGS := -c
# automatic
+D = $(patsubst %/,%,$(dir $+))
# makefile (from 'CppUTestExample.d', line 1)
MAKEFILE_LIST := makefile CppUTestExample.d
# automatic
@F = $(notdir $@)
# environment
VSCODE_VERBOSE_LOGGING = true
# automatic
?D = $(patsubst %/,%,$(dir $?))
# automatic
*F = $(notdir $*)
# automatic
<D = $(patsubst %/,%,$(dir $<))
# environment
VSCODE_NLS_CONFIG = {"locale":"en","availableLanguages":{}}
# default
MAKE_HOST := x86_64-pc-linux-gnu
# makefile
SHELL = /bin/sh
# default
MAKECMDGOALS := all
# environment
SHLVL = 0
# environment
MAKELEVEL := 0
# default
MAKE = $(MAKE_COMMAND)
# environment
PATH = /vscode/vscode-server/bin/linux-x64/f80445acd5a3dadef24aa209168452a3d97cc326/bin/remote-cli:/usr/local/sbin:/usr/local/bin:/usr/sbin:/usr/bin:/sbin:/bin
# default
MAKEFILES := 
# automatic
^F = $(notdir $^)
# environment
GPG_KEYS = B215C1633BCA0477615F1B35A5B3A004745C015A 	B3C42148A44E6983B3E4CC0793FA9B1AB75C61B8 	90AA470469D3965A87A5DCB494D03953902C9419 	80F98B2E0DAB6C8281BDF541A7C8C3B2F71EDF1C 	7F74F97C103468EE5D750B583AB00996FC26A641 	33C235A34C46AA3FFB293709A328C3A2C3C45C06 	D3A93CAD751C2AF4F8C7AD516C35B99309B5FA62
# environment
VSCODE_LOG_NATIVE = false
# environment
REMOTE_CONTAINERS_IPC = /tmp/vscode-remote-containers-ipc-f88a506052eceee2a8b44618538e634363b96b89.sock
# environment
REMOTE_CONTAINERS = true
# automatic
?F = $(notdir $?)
# automatic
+F = $(notdir $+)
# makefile (from 'makefile', line 9)
OBJECTS = $(patsubst %.cpp, %.o, $(SOURCES))
# 'override' directive
GNUMAKEFLAGS := 
# environment
BROWSER = /vscode/vscode-server/bin/linux-x64/f80445acd5a3dadef24aa209168452a3d97cc326/bin/helpers/browser.sh
# environment
GCC_VERSION = 11.2.0
# makefile (from 'makefile', line 5)
CPPFLAGS = -Wall -Werror -MMD -MP
# makefile
.DEFAULT_GOAL := default
# environment
LIBRARY_PATH = /usr/local/lib
# default
MAKE_VERSION := 4.3
# 'override' directive
.SHELLSTATUS := 0
# environment
VSCODE_EXTHOST_WILL_SEND_SOCKET = true
# environment
VSCODE_AGENT_FOLDER = /root/.vscode-server
# environment
_ = /root/.vscode-server/bin/f80445acd5a3dadef24aa209168452a3d97cc326/node
# makefile (from 'makefile', line 6)
CFLAGS = -g 
# environment
VSCODE_IPC_HOOK_CLI = /tmp/vscode-ipc-9c342b9c-f230-4157-b382-9e520e7fd5f4.sock
# environment
VSCODE_AMD_ENTRYPOINT = vs/workbench/services/extensions/node/extensionHostProcess
# environment
HOME = /root
# default
.RECIPEPREFIX := 
# automatic
<F = $(notdir $<)
# makefile (from 'makefile', line 10)
DEPS := ./CppUTestExample.d ./main.d
# default
SUFFIXES := 
# makefile (from 'makefile', line 1)
TARGET = tests.out
# makefile (from 'makefile', line 7)
CXXFLAGS = -g -std=c++17
# default
.FEATURES := target-specific order-only second-expansion else-if shortest-stem undefine oneshell nocomment grouped-target extra-prereqs archives jobserver output-sync check-symlink load
# makefile (from 'makefile', line 4)
CXX = gcc
# makefile (from 'makefile', line 3)
CC = gcc
# makefile (from 'makefile', line 8)
SOURCES := ./CppUTestExample.cpp ./main.cpp
# variable set hash-table stats:
# Load=76/1024=7%, Rehash=0, Collisions=9/122=7%

# Pattern-specific Variable Values

# No pattern-specific variable values.

# Directories

# . (device 64, inode 2533274790688668): 15 files, no impossibilities.

# 15 files, no impossibilities in 1 directories.

# Implicit Rules

# No implicit rules.

# Files

# Not a target:
CppUTestExample.cpp:
#  Implicit rule search has been done.
#  Last modified 2022-02-23 21:53:51
#  File has been updated.
#  Successfully updated.

default: run
#  Phony target (prerequisite of .PHONY).
#  Implicit rule search has not been done.
#  File does not exist.
#  File has not been updated.

clean:
#  Phony target (prerequisite of .PHONY).
#  Implicit rule search has not been done.
#  File does not exist.
#  File has not been updated.
#  recipe to execute (from 'makefile', line 33):
	$(RM) *.o
	$(RM) $(TARGET)
	$(RM) *.xml
	$(RM) $(DEPS)

# Not a target:
.DEFAULT:
#  Implicit rule search has not been done.
#  Modification time never checked.
#  File has not been updated.

all: run
#  Phony target (prerequisite of .PHONY).
#  Command line target.
#  Implicit rule search has not been done.
#  File does not exist.
#  File has not been updated.

run: tests.out
#  Phony target (prerequisite of .PHONY).
#  Implicit rule search has not been done.
#  File does not exist.
#  File has not been updated.
#  recipe to execute (from 'makefile', line 24):
	./$<

build: tests.out
#  Phony target (prerequisite of .PHONY).
#  Implicit rule search has not been done.
#  File does not exist.
#  File has not been updated.

tests.out: CppUTestExample.o main.o
#  Implicit rule search has not been done.
#  File does not exist.
#  File has not been updated.
#  recipe to execute (from 'makefile', line 30):
	g++ $(OBJECTS) $(CPPFLAGS) $(LIBS) -o $@ -no-pie

# Not a target:
CppUTestExample.d:
#  Implicit rule search has been done.
#  Last modified 2022-02-23 22:09:32.8215074
#  File has been updated.
#  Successfully updated.

# Not a target:
main.o:
#  Implicit rule search has been done.
#  File does not exist.
#  File has not been updated.

CppUTestExample.o: CppUTestExample.cpp
#  Implicit rule search has been done.
#  Last modified 2022-02-23 22:09:32.9085921
#  File has been updated.
#  Successfully updated.

# Not a target:
makefile:
#  Implicit rule search has been done.
#  Last modified 2022-02-23 21:20:04.7880766
#  File has been updated.
#  Successfully updated.

# Not a target:
main.d:
#  Implicit rule search has been done.
#  File does not exist.
#  File has been updated.
#  Failed to be updated.

.PHONY: all default clean run ci_run build
#  Implicit rule search has not been done.
#  Modification time never checked.
#  File has not been updated.

ci_run: tests.out
#  Phony target (prerequisite of .PHONY).
#  Implicit rule search has not been done.
#  File does not exist.
#  File has not been updated.
#  recipe to execute (from 'makefile', line 27):
	./$< -ojunit

# files hash-table stats:
# Load=16/1024=2%, Rehash=0, Collisions=0/50=0%
# VPATH Search Paths

# No 'vpath' search paths.

# No general ('VPATH' variable) search path.

# strcache buffers: 1 (0) / strings = 29 / storage = 279 B / avg = 9 B
# current buf: size = 8162 B / used = 279 B / count = 29 / avg = 9 B

# strcache performance: lookups = 60 / hit rate = 51%
# hash-table stats:
# Load=29/8192=0%, Rehash=0, Collisions=0/60=0%
# Finished Make data base on Thu Feb 24 11:33:56 2022

 
